[2026-04-26 10:07:44] === Availability check started ===
[2026-04-26 10:07:44] Trying direct API...
[2026-04-26 10:07:46] API hit: https://www.tablecheck.com/api/2.0/venues/tokyo-park-hyatt-plb/availability?year=2026&month=4&menu_list_ids[]=69b935b73d77ef8c41e24daa → 0 dates
[2026-04-26 10:07:47] API hit: https://www.tablecheck.com/api/2.0/venues/tokyo-park-hyatt-plb/availability?year=2026&month=5&menu_list_ids[]=69b935b73d77ef8c41e24daa → 0 dates
[2026-04-26 10:07:47] API hit: https://www.tablecheck.com/api/2.0/venues/tokyo-park-hyatt-plb/availability?year=2026&month=6&menu_list_ids[]=69b935b73d77ef8c41e24daa → 0 dates
[2026-04-26 10:07:47] Trying headless browser...
[2026-04-26 10:07:48] Launching headless browser...
[2026-04-26 10:07:57] Available weekend dates: none
[2026-04-26 10:07:57] No weekend availability found.
[2026-04-26 10:07:57] === Check complete ===

[2026-04-26 12:03:00] === Availability check started ===
[2026-04-26 12:03:00] Trying direct API...
[2026-04-26 12:03:01] API hit: https://www.tablecheck.com/api/2.0/venues/tokyo-park-hyatt-plb/availability?year=2026&month=4&menu_list_ids[]=69b935b73d77ef8c41e24daa → 0 dates
[2026-04-26 12:03:02] API hit: https://www.tablecheck.com/api/2.0/venues/tokyo-park-hyatt-plb/availability?year=2026&month=5&menu_list_ids[]=69b935b73d77ef8c41e24daa → 0 dates
[2026-04-26 12:03:03] API hit: https://www.tablecheck.com/api/2.0/venues/tokyo-park-hyatt-plb/availability?year=2026&month=6&menu_list_ids[]=69b935b73d77ef8c41e24daa → 0 dates
[2026-04-26 12:03:03] Trying headless browser...
[2026-04-26 12:03:04] Launching headless browser...
[2026-04-26 12:03:12] Available weekend dates: none
[2026-04-26 12:03:12] No weekend availability found.
[2026-04-26 12:03:12] === Check complete ===

[2026-04-26 13:47:09] === Availability check started ===
[2026-04-26 13:47:09] Trying direct API...
[2026-04-26 13:47:10] API hit: https://www.tablecheck.com/api/2.0/venues/tokyo-park-hyatt-plb/availability?year=2026&month=4&menu_list_ids[]=69b935b73d77ef8c41e24daa → 0 dates
[2026-04-26 13:47:11] API hit: https://www.tablecheck.com/api/2.0/venues/tokyo-park-hyatt-plb/availability?year=2026&month=5&menu_list_ids[]=69b935b73d77ef8c41e24daa → 0 dates
[2026-04-26 13:47:12] API hit: https://www.tablecheck.com/api/2.0/venues/tokyo-park-hyatt-plb/availability?year=2026&month=6&menu_list_ids[]=69b935b73d77ef8c41e24daa → 0 dates
[2026-04-26 13:47:12] Trying headless browser...
[2026-04-26 13:47:12] Launching headless browser...
[2026-04-26 13:47:21] Available weekend dates: none
[2026-04-26 13:47:21] No weekend availability found.
[2026-04-26 13:47:21] === Check complete ===

[2026-04-26 13:57:47] === Availability check started ===
[2026-04-26 13:57:47] Trying direct API...
[2026-04-26 13:57:49] API hit: https://www.tablecheck.com/api/2.0/venues/tokyo-park-hyatt-plb/availability?year=2026&month=4&menu_list_ids[]=69b935b73d77ef8c41e24daa → 0 dates
[2026-04-26 13:57:50] API hit: https://www.tablecheck.com/api/2.0/venues/tokyo-park-hyatt-plb/availability?year=2026&month=5&menu_list_ids[]=69b935b73d77ef8c41e24daa → 0 dates
[2026-04-26 13:57:51] API hit: https://www.tablecheck.com/api/2.0/venues/tokyo-park-hyatt-plb/availability?year=2026&month=6&menu_list_ids[]=69b935b73d77ef8c41e24daa → 0 dates
[2026-04-26 13:57:51] Trying headless browser...
[2026-04-26 13:57:53] Launching headless browser...
[2026-04-26 13:58:03] Available weekend dates: none
[2026-04-26 13:58:03] No weekend availability found.
[2026-04-26 13:58:03] === Check complete ===

[2026-04-26 14:34:33] === Availability check started ===
[2026-04-26 14:34:33] Trying direct API...
[2026-04-26 14:34:34] API hit: https://www.tablecheck.com/api/2.0/venues/tokyo-park-hyatt-plb/availability?year=2026&month=4&menu_list_ids[]=69b935b73d77ef8c41e24daa → 0 dates
[2026-04-26 14:34:35] API hit: https://www.tablecheck.com/api/2.0/venues/tokyo-park-hyatt-plb/availability?year=2026&month=5&menu_list_ids[]=69b935b73d77ef8c41e24daa → 0 dates
[2026-04-26 14:34:36] API hit: https://www.tablecheck.com/api/2.0/venues/tokyo-park-hyatt-plb/availability?year=2026&month=6&menu_list_ids[]=69b935b73d77ef8c41e24daa → 0 dates
[2026-04-26 14:34:36] Trying headless browser...
[2026-04-26 14:34:38] Launching headless browser...
[2026-04-26 14:34:47] Available weekend dates: none
[2026-04-26 14:34:47] No weekend availability found.
[2026-04-26 14:34:47] === Check complete ===

